<component name="libraryTable">
  <library name="junit">
    <CLASSES>
      <root url="jar://$PROJECT_DIR$/../../resource/common/lib.test/junit-4.11.jar!/" />
    </CLASSES>
    <JAVADOC>
      <root url="http://junit.sourceforge.net/javadoc/" />
    </JAVADOC>
    <SOURCES />
  </library>
</component>